2025-12-04 10:52:53,290 - etl_master - INFO - === メダリオンアーキテクチャETL開始 ===
2025-12-04 10:52:53,290 - etl_master - INFO - --- ブロンズ層ETL実行 ---
2025-12-04 10:52:54,296 - etl_master - INFO - ブロンズ層ETL完了 (実行時間: 1.01秒)
2025-12-04 10:52:54,296 - etl_master - INFO - --- シルバー層ETL実行 ---
2025-12-04 10:52:54,462 - etl_master - INFO - シルバー層ETL完了 (実行時間: 0.17秒)
2025-12-04 10:52:54,462 - etl_master - INFO - --- ゴールド層ETL実行 ---
2025-12-04 10:52:54,537 - etl_master - INFO - ゴールド層ETL完了 (実行時間: 0.08秒)
2025-12-04 10:52:54,537 - etl_master - INFO - === ETL全工程完了 (総実行時間: 1.25秒) ===
2025-12-04 10:52:54,537 - etl_master - INFO - 実行時間内訳:
2025-12-04 10:52:54,537 - etl_master - INFO -   ブロンズ層: 1.01秒 (80.6%)
2025-12-04 10:52:54,537 - etl_master - INFO -   シルバー層: 0.17秒 (13.3%)
2025-12-04 10:52:54,537 - etl_master - INFO -   ゴールド層: 0.08秒 (6.0%)
2025-12-04 11:01:53,689 - etl_master - INFO - === メダリオンアーキテクチャETL開始 ===
2025-12-04 11:01:53,689 - etl_master - INFO - --- ブロンズ層ETL実行 ---
2025-12-04 11:01:54,704 - etl_master - INFO - ブロンズ層ETL完了 (実行時間: 1.02秒)
2025-12-04 11:01:54,704 - etl_master - INFO - --- シルバー層ETL実行 ---
2025-12-04 11:01:54,871 - etl_master - INFO - シルバー層ETL完了 (実行時間: 0.17秒)
2025-12-04 11:01:54,871 - etl_master - INFO - --- ゴールド層ETL実行 ---
2025-12-04 11:01:54,872 - etl_master - ERROR - ゴールド層ETL実行に失敗しました
2025-12-04 11:02:10,586 - etl_master - INFO - === メダリオンアーキテクチャETL開始 ===
2025-12-04 11:02:10,587 - etl_master - INFO - --- ブロンズ層ETL実行 ---
2025-12-04 11:02:11,636 - etl_master - INFO - ブロンズ層ETL完了 (実行時間: 1.05秒)
2025-12-04 11:02:11,636 - etl_master - INFO - --- シルバー層ETL実行 ---
2025-12-04 11:02:11,870 - etl_master - INFO - シルバー層ETL完了 (実行時間: 0.23秒)
2025-12-04 11:02:11,870 - etl_master - INFO - --- ゴールド層ETL実行 ---
2025-12-04 11:02:11,907 - etl_master - ERROR - ゴールド層ETL実行に失敗しました
2025-12-04 11:06:49,783 - etl_master - INFO - === メダリオンアーキテクチャETL開始 ===
2025-12-04 11:06:49,783 - etl_master - INFO - --- ブロンズ層ETL実行 ---
2025-12-04 11:06:50,777 - etl_master - INFO - ブロンズ層ETL完了 (実行時間: 0.99秒)
2025-12-04 11:06:50,777 - etl_master - INFO - --- シルバー層ETL実行 ---
2025-12-04 11:06:50,951 - etl_master - INFO - シルバー層ETL完了 (実行時間: 0.17秒)
2025-12-04 11:06:50,952 - etl_master - INFO - --- ゴールド層ETL実行 ---
2025-12-04 11:06:50,996 - etl_master - ERROR - ゴールド層ETL実行に失敗しました
2025-12-04 11:09:37,571 - etl_master - INFO - === メダリオンアーキテクチャETL開始 ===
2025-12-04 11:09:37,571 - etl_master - INFO - --- ブロンズ層ETL実行 ---
2025-12-04 11:09:38,571 - etl_master - INFO - ブロンズ層ETL完了 (実行時間: 1.00秒)
2025-12-04 11:09:38,571 - etl_master - INFO - --- シルバー層ETL実行 ---
2025-12-04 11:09:38,736 - etl_master - INFO - シルバー層ETL完了 (実行時間: 0.17秒)
2025-12-04 11:09:38,736 - etl_master - INFO - --- ゴールド層ETL実行 ---
2025-12-04 11:09:39,349 - etl_master - INFO - ゴールド層ETL完了 (実行時間: 0.61秒)
2025-12-04 11:09:39,349 - etl_master - INFO - === ETL全工程完了 (総実行時間: 1.78秒) ===
2025-12-04 11:09:39,349 - etl_master - INFO - 実行時間内訳:
2025-12-04 11:09:39,349 - etl_master - INFO -   ブロンズ層: 1.00秒 (56.2%)
2025-12-04 11:09:39,349 - etl_master - INFO -   シルバー層: 0.17秒 (9.3%)
2025-12-04 11:09:39,349 - etl_master - INFO -   ゴールド層: 0.61秒 (34.5%)
