2025-12-05 08:51:01,821 - silver_etl - INFO - === シルバー層ETL開始 ===
2025-12-05 08:51:01,821 - silver_etl - INFO - シルバー層スキーマを初期化中...
2025-12-05 08:51:01,833 - silver_etl - INFO - シルバー層スキーマ初期化完了
2025-12-05 08:51:01,834 - silver_etl - INFO - 統合品目マスタ作成開始...
2025-12-05 08:51:01,843 - silver_etl - INFO - 統合品目マスタ作成完了: 15 rows
2025-12-05 08:51:01,843 - silver_etl - INFO - 統合取引先マスタ作成開始...
2025-12-05 08:51:01,852 - silver_etl - INFO - 統合取引先マスタ作成完了: 31 rows
2025-12-05 08:51:01,852 - silver_etl - INFO - 統合拠点マスタ作成開始...
2025-12-05 08:51:01,865 - silver_etl - INFO - 統合拠点マスタ作成完了: 5 rows
2025-12-05 08:51:01,865 - silver_etl - INFO - 受注データ処理開始...
2025-12-05 08:51:01,900 - silver_etl - INFO - 受注データ処理完了: 1909 rows
2025-12-05 08:51:01,901 - silver_etl - INFO - 調達データ処理開始...
2025-12-05 08:51:02,217 - silver_etl - INFO - 調達データ処理完了: 22779 rows
2025-12-05 08:51:02,217 - silver_etl - INFO - 出荷データ処理開始...
2025-12-05 08:51:02,263 - silver_etl - INFO - 出荷データ処理完了: 2969 rows
2025-12-05 08:51:02,264 - silver_etl - INFO - 輸送コストデータ処理開始...
2025-12-05 08:51:02,293 - silver_etl - INFO - 輸送コストデータ処理完了: 2196 rows
2025-12-05 08:51:02,293 - silver_etl - INFO - 給与データ処理開始...
2025-12-05 08:51:02,319 - silver_etl - INFO - 給与データ処理完了: 960 rows
2025-12-05 08:51:02,319 - silver_etl - INFO - 在庫データ処理開始...
2025-12-05 08:51:02,398 - silver_etl - INFO - 在庫データ処理完了: 2773 rows
2025-12-05 08:51:02,398 - silver_etl - INFO - シルバー層データ品質チェック開始...
2025-12-05 08:51:02,401 - silver_etl - INFO - silver_item_master: 15 rows
2025-12-05 08:51:02,403 - silver_etl - INFO - silver_partner_master: 31 rows
2025-12-05 08:51:02,405 - silver_etl - INFO - silver_location_master: 5 rows
2025-12-05 08:51:02,408 - silver_etl - INFO - silver_order_data: 1909 rows
2025-12-05 08:51:02,412 - silver_etl - INFO - silver_procurement_data: 22779 rows
2025-12-05 08:51:02,414 - silver_etl - INFO - silver_shipment_data: 2969 rows
2025-12-05 08:51:02,417 - silver_etl - INFO - silver_transportation_cost: 2196 rows
2025-12-05 08:51:02,419 - silver_etl - INFO - silver_payroll_data: 960 rows
2025-12-05 08:51:02,421 - silver_etl - INFO - silver_inventory_data: 2773 rows
2025-12-05 08:51:02,426 - silver_etl - INFO - EV車種数: 4
2025-12-05 08:51:02,426 - silver_etl - INFO - 安全装置搭載車種数: 15
2025-12-05 08:51:02,426 - silver_etl - INFO - シルバー層データ品質チェック完了
2025-12-05 08:51:02,427 - silver_etl - INFO - === シルバー層ETL完了 ===
