2025-12-04 10:42:31,268 - silver_etl - INFO - === シルバー層ETL開始 ===
2025-12-04 10:42:31,268 - silver_etl - INFO - シルバー層スキーマを初期化中...
2025-12-04 10:42:31,275 - silver_etl - ERROR - シルバー層ETL実行エラー: near "created_at": syntax error
2025-12-04 10:45:11,780 - silver_etl - INFO - === シルバー層ETL開始 ===
2025-12-04 10:45:11,780 - silver_etl - INFO - シルバー層スキーマを初期化中...
2025-12-04 10:45:11,783 - silver_etl - ERROR - シルバー層ETL実行エラー: near "created_at": syntax error
2025-12-04 10:45:39,105 - silver_etl - INFO - === シルバー層ETL開始 ===
2025-12-04 10:45:39,105 - silver_etl - INFO - シルバー層スキーマを初期化中...
2025-12-04 10:45:39,114 - silver_etl - INFO - シルバー層スキーマ初期化完了
2025-12-04 10:45:39,114 - silver_etl - INFO - 統合品目マスタ作成開始...
2025-12-04 10:45:39,115 - silver_etl - ERROR - 統合品目マスタ作成エラー: cannot INSERT into generated column "is_ev"
2025-12-04 10:45:53,849 - silver_etl - INFO - === シルバー層ETL開始 ===
2025-12-04 10:45:53,849 - silver_etl - INFO - シルバー層スキーマを初期化中...
2025-12-04 10:45:53,857 - silver_etl - INFO - シルバー層スキーマ初期化完了
2025-12-04 10:45:53,857 - silver_etl - INFO - 統合品目マスタ作成開始...
2025-12-04 10:45:53,859 - silver_etl - INFO - 統合品目マスタ作成完了: 15 rows
2025-12-04 10:45:53,859 - silver_etl - INFO - 統合取引先マスタ作成開始...
2025-12-04 10:45:53,861 - silver_etl - INFO - 統合取引先マスタ作成完了: 31 rows
2025-12-04 10:45:53,861 - silver_etl - INFO - 統合拠点マスタ作成開始...
2025-12-04 10:45:53,865 - silver_etl - INFO - 統合拠点マスタ作成完了: 5 rows
2025-12-04 10:45:53,865 - silver_etl - INFO - 受注データ処理開始...
2025-12-04 10:45:53,879 - silver_etl - INFO - 受注データ処理完了: 1909 rows
2025-12-04 10:45:53,880 - silver_etl - INFO - 調達データ処理開始...
2025-12-04 10:45:53,880 - silver_etl - ERROR - 調達データ処理エラー: no such column: i.product_name
2025-12-04 10:46:13,970 - silver_etl - INFO - === シルバー層ETL開始 ===
2025-12-04 10:46:13,970 - silver_etl - INFO - シルバー層スキーマを初期化中...
2025-12-04 10:46:13,977 - silver_etl - INFO - シルバー層スキーマ初期化完了
2025-12-04 10:46:13,977 - silver_etl - INFO - 統合品目マスタ作成開始...
2025-12-04 10:46:13,980 - silver_etl - INFO - 統合品目マスタ作成完了: 15 rows
2025-12-04 10:46:13,980 - silver_etl - INFO - 統合取引先マスタ作成開始...
2025-12-04 10:46:13,984 - silver_etl - INFO - 統合取引先マスタ作成完了: 31 rows
2025-12-04 10:46:13,984 - silver_etl - INFO - 統合拠点マスタ作成開始...
2025-12-04 10:46:13,987 - silver_etl - INFO - 統合拠点マスタ作成完了: 5 rows
2025-12-04 10:46:13,987 - silver_etl - INFO - 受注データ処理開始...
2025-12-04 10:46:14,004 - silver_etl - INFO - 受注データ処理完了: 1909 rows
2025-12-04 10:46:14,005 - silver_etl - INFO - 調達データ処理開始...
2025-12-04 10:46:14,105 - silver_etl - INFO - 調達データ処理完了: 22779 rows
2025-12-04 10:46:14,105 - silver_etl - INFO - 出荷データ処理開始...
2025-12-04 10:46:14,106 - silver_etl - ERROR - 出荷データ処理エラー: no such column: h.order_id
2025-12-04 10:46:30,773 - silver_etl - INFO - === シルバー層ETL開始 ===
2025-12-04 10:46:30,773 - silver_etl - INFO - シルバー層スキーマを初期化中...
2025-12-04 10:46:30,781 - silver_etl - INFO - シルバー層スキーマ初期化完了
2025-12-04 10:46:30,781 - silver_etl - INFO - 統合品目マスタ作成開始...
2025-12-04 10:46:30,783 - silver_etl - INFO - 統合品目マスタ作成完了: 15 rows
2025-12-04 10:46:30,783 - silver_etl - INFO - 統合取引先マスタ作成開始...
2025-12-04 10:46:30,786 - silver_etl - INFO - 統合取引先マスタ作成完了: 31 rows
2025-12-04 10:46:30,786 - silver_etl - INFO - 統合拠点マスタ作成開始...
2025-12-04 10:46:30,789 - silver_etl - INFO - 統合拠点マスタ作成完了: 5 rows
2025-12-04 10:46:30,789 - silver_etl - INFO - 受注データ処理開始...
2025-12-04 10:46:30,811 - silver_etl - INFO - 受注データ処理完了: 1909 rows
2025-12-04 10:46:30,811 - silver_etl - INFO - 調達データ処理開始...
2025-12-04 10:46:30,990 - silver_etl - INFO - 調達データ処理完了: 22779 rows
2025-12-04 10:46:30,990 - silver_etl - INFO - 出荷データ処理開始...
2025-12-04 10:46:30,991 - silver_etl - ERROR - 出荷データ処理エラー: no such column: i.order_line_number
2025-12-04 10:46:49,695 - silver_etl - INFO - === シルバー層ETL開始 ===
2025-12-04 10:46:49,695 - silver_etl - INFO - シルバー層スキーマを初期化中...
2025-12-04 10:46:49,702 - silver_etl - INFO - シルバー層スキーマ初期化完了
2025-12-04 10:46:49,703 - silver_etl - INFO - 統合品目マスタ作成開始...
2025-12-04 10:46:49,704 - silver_etl - INFO - 統合品目マスタ作成完了: 15 rows
2025-12-04 10:46:49,704 - silver_etl - INFO - 統合取引先マスタ作成開始...
2025-12-04 10:46:49,708 - silver_etl - INFO - 統合取引先マスタ作成完了: 31 rows
2025-12-04 10:46:49,708 - silver_etl - INFO - 統合拠点マスタ作成開始...
2025-12-04 10:46:49,711 - silver_etl - INFO - 統合拠点マスタ作成完了: 5 rows
2025-12-04 10:46:49,711 - silver_etl - INFO - 受注データ処理開始...
2025-12-04 10:46:49,730 - silver_etl - INFO - 受注データ処理完了: 1909 rows
2025-12-04 10:46:49,730 - silver_etl - INFO - 調達データ処理開始...
2025-12-04 10:46:49,901 - silver_etl - INFO - 調達データ処理完了: 22779 rows
2025-12-04 10:46:49,901 - silver_etl - INFO - 出荷データ処理開始...
2025-12-04 10:46:49,915 - silver_etl - INFO - 出荷データ処理完了: 2969 rows
2025-12-04 10:46:49,915 - silver_etl - INFO - 輸送コストデータ処理開始...
2025-12-04 10:46:49,919 - silver_etl - INFO - 輸送コストデータ処理完了: 2196 rows
2025-12-04 10:46:49,919 - silver_etl - INFO - 給与データ処理開始...
2025-12-04 10:46:49,922 - silver_etl - INFO - 給与データ処理完了: 960 rows
2025-12-04 10:46:49,922 - silver_etl - INFO - 在庫データ処理開始...
2025-12-04 10:46:49,923 - silver_etl - ERROR - 在庫データ処理エラー: no such column: inventory_history_id
2025-12-04 10:47:05,443 - silver_etl - INFO - === シルバー層ETL開始 ===
2025-12-04 10:47:05,443 - silver_etl - INFO - シルバー層スキーマを初期化中...
2025-12-04 10:47:05,451 - silver_etl - INFO - シルバー層スキーマ初期化完了
2025-12-04 10:47:05,451 - silver_etl - INFO - 統合品目マスタ作成開始...
2025-12-04 10:47:05,453 - silver_etl - INFO - 統合品目マスタ作成完了: 15 rows
2025-12-04 10:47:05,453 - silver_etl - INFO - 統合取引先マスタ作成開始...
2025-12-04 10:47:05,456 - silver_etl - INFO - 統合取引先マスタ作成完了: 31 rows
2025-12-04 10:47:05,457 - silver_etl - INFO - 統合拠点マスタ作成開始...
2025-12-04 10:47:05,460 - silver_etl - INFO - 統合拠点マスタ作成完了: 5 rows
2025-12-04 10:47:05,460 - silver_etl - INFO - 受注データ処理開始...
2025-12-04 10:47:05,478 - silver_etl - INFO - 受注データ処理完了: 1909 rows
2025-12-04 10:47:05,478 - silver_etl - INFO - 調達データ処理開始...
2025-12-04 10:47:05,667 - silver_etl - INFO - 調達データ処理完了: 22779 rows
2025-12-04 10:47:05,667 - silver_etl - INFO - 出荷データ処理開始...
2025-12-04 10:47:05,686 - silver_etl - INFO - 出荷データ処理完了: 2969 rows
2025-12-04 10:47:05,686 - silver_etl - INFO - 輸送コストデータ処理開始...
2025-12-04 10:47:05,696 - silver_etl - INFO - 輸送コストデータ処理完了: 2196 rows
2025-12-04 10:47:05,696 - silver_etl - INFO - 給与データ処理開始...
2025-12-04 10:47:05,701 - silver_etl - INFO - 給与データ処理完了: 960 rows
2025-12-04 10:47:05,701 - silver_etl - INFO - 在庫データ処理開始...
2025-12-04 10:47:05,707 - silver_etl - INFO - 在庫データ処理完了: 2773 rows
2025-12-04 10:47:05,708 - silver_etl - INFO - シルバー層データ品質チェック開始...
2025-12-04 10:47:05,709 - silver_etl - INFO - silver_item_master: 15 rows
2025-12-04 10:47:05,710 - silver_etl - INFO - silver_partner_master: 31 rows
2025-12-04 10:47:05,710 - silver_etl - INFO - silver_location_master: 5 rows
2025-12-04 10:47:05,712 - silver_etl - INFO - silver_order_data: 1909 rows
2025-12-04 10:47:05,713 - silver_etl - INFO - silver_procurement_data: 22779 rows
2025-12-04 10:47:05,714 - silver_etl - INFO - silver_shipment_data: 2969 rows
2025-12-04 10:47:05,715 - silver_etl - INFO - silver_transportation_cost: 2196 rows
2025-12-04 10:47:05,716 - silver_etl - INFO - silver_payroll_data: 960 rows
2025-12-04 10:47:05,717 - silver_etl - INFO - silver_inventory_data: 2773 rows
2025-12-04 10:47:05,720 - silver_etl - INFO - EV車種数: 4
2025-12-04 10:47:05,720 - silver_etl - INFO - 安全装置搭載車種数: 15
2025-12-04 10:47:05,720 - silver_etl - INFO - シルバー層データ品質チェック完了
2025-12-04 10:47:05,720 - silver_etl - INFO - === シルバー層ETL完了 ===
2025-12-04 10:52:54,296 - silver_etl - INFO - === シルバー層ETL開始 ===
2025-12-04 10:52:54,296 - silver_etl - INFO - シルバー層スキーマを初期化中...
2025-12-04 10:52:54,303 - silver_etl - INFO - シルバー層スキーマ初期化完了
2025-12-04 10:52:54,303 - silver_etl - INFO - 統合品目マスタ作成開始...
2025-12-04 10:52:54,305 - silver_etl - INFO - 統合品目マスタ作成完了: 15 rows
2025-12-04 10:52:54,305 - silver_etl - INFO - 統合取引先マスタ作成開始...
2025-12-04 10:52:54,310 - silver_etl - INFO - 統合取引先マスタ作成完了: 31 rows
2025-12-04 10:52:54,310 - silver_etl - INFO - 統合拠点マスタ作成開始...
2025-12-04 10:52:54,313 - silver_etl - INFO - 統合拠点マスタ作成完了: 5 rows
2025-12-04 10:52:54,313 - silver_etl - INFO - 受注データ処理開始...
2025-12-04 10:52:54,327 - silver_etl - INFO - 受注データ処理完了: 1909 rows
2025-12-04 10:52:54,327 - silver_etl - INFO - 調達データ処理開始...
2025-12-04 10:52:54,425 - silver_etl - INFO - 調達データ処理完了: 22779 rows
2025-12-04 10:52:54,425 - silver_etl - INFO - 出荷データ処理開始...
2025-12-04 10:52:54,439 - silver_etl - INFO - 出荷データ処理完了: 2969 rows
2025-12-04 10:52:54,439 - silver_etl - INFO - 輸送コストデータ処理開始...
2025-12-04 10:52:54,443 - silver_etl - INFO - 輸送コストデータ処理完了: 2196 rows
2025-12-04 10:52:54,443 - silver_etl - INFO - 給与データ処理開始...
2025-12-04 10:52:54,446 - silver_etl - INFO - 給与データ処理完了: 960 rows
2025-12-04 10:52:54,446 - silver_etl - INFO - 在庫データ処理開始...
2025-12-04 10:52:54,452 - silver_etl - INFO - 在庫データ処理完了: 2773 rows
2025-12-04 10:52:54,452 - silver_etl - INFO - シルバー層データ品質チェック開始...
2025-12-04 10:52:54,453 - silver_etl - INFO - silver_item_master: 15 rows
2025-12-04 10:52:54,454 - silver_etl - INFO - silver_partner_master: 31 rows
2025-12-04 10:52:54,455 - silver_etl - INFO - silver_location_master: 5 rows
2025-12-04 10:52:54,456 - silver_etl - INFO - silver_order_data: 1909 rows
2025-12-04 10:52:54,457 - silver_etl - INFO - silver_procurement_data: 22779 rows
2025-12-04 10:52:54,458 - silver_etl - INFO - silver_shipment_data: 2969 rows
2025-12-04 10:52:54,459 - silver_etl - INFO - silver_transportation_cost: 2196 rows
2025-12-04 10:52:54,460 - silver_etl - INFO - silver_payroll_data: 960 rows
2025-12-04 10:52:54,461 - silver_etl - INFO - silver_inventory_data: 2773 rows
2025-12-04 10:52:54,462 - silver_etl - INFO - EV車種数: 4
2025-12-04 10:52:54,462 - silver_etl - INFO - 安全装置搭載車種数: 15
2025-12-04 10:52:54,462 - silver_etl - INFO - シルバー層データ品質チェック完了
2025-12-04 10:52:54,462 - silver_etl - INFO - === シルバー層ETL完了 ===
2025-12-04 11:01:54,705 - silver_etl - INFO - === シルバー層ETL開始 ===
2025-12-04 11:01:54,705 - silver_etl - INFO - シルバー層スキーマを初期化中...
2025-12-04 11:01:54,713 - silver_etl - INFO - シルバー層スキーマ初期化完了
2025-12-04 11:01:54,713 - silver_etl - INFO - 統合品目マスタ作成開始...
2025-12-04 11:01:54,714 - silver_etl - INFO - 統合品目マスタ作成完了: 15 rows
2025-12-04 11:01:54,714 - silver_etl - INFO - 統合取引先マスタ作成開始...
2025-12-04 11:01:54,720 - silver_etl - INFO - 統合取引先マスタ作成完了: 31 rows
2025-12-04 11:01:54,720 - silver_etl - INFO - 統合拠点マスタ作成開始...
2025-12-04 11:01:54,723 - silver_etl - INFO - 統合拠点マスタ作成完了: 5 rows
2025-12-04 11:01:54,723 - silver_etl - INFO - 受注データ処理開始...
2025-12-04 11:01:54,737 - silver_etl - INFO - 受注データ処理完了: 1909 rows
2025-12-04 11:01:54,737 - silver_etl - INFO - 調達データ処理開始...
2025-12-04 11:01:54,834 - silver_etl - INFO - 調達データ処理完了: 22779 rows
2025-12-04 11:01:54,834 - silver_etl - INFO - 出荷データ処理開始...
2025-12-04 11:01:54,848 - silver_etl - INFO - 出荷データ処理完了: 2969 rows
2025-12-04 11:01:54,848 - silver_etl - INFO - 輸送コストデータ処理開始...
2025-12-04 11:01:54,852 - silver_etl - INFO - 輸送コストデータ処理完了: 2196 rows
2025-12-04 11:01:54,852 - silver_etl - INFO - 給与データ処理開始...
2025-12-04 11:01:54,855 - silver_etl - INFO - 給与データ処理完了: 960 rows
2025-12-04 11:01:54,855 - silver_etl - INFO - 在庫データ処理開始...
2025-12-04 11:01:54,861 - silver_etl - INFO - 在庫データ処理完了: 2773 rows
2025-12-04 11:01:54,861 - silver_etl - INFO - シルバー層データ品質チェック開始...
2025-12-04 11:01:54,862 - silver_etl - INFO - silver_item_master: 15 rows
2025-12-04 11:01:54,863 - silver_etl - INFO - silver_partner_master: 31 rows
2025-12-04 11:01:54,864 - silver_etl - INFO - silver_location_master: 5 rows
2025-12-04 11:01:54,865 - silver_etl - INFO - silver_order_data: 1909 rows
2025-12-04 11:01:54,866 - silver_etl - INFO - silver_procurement_data: 22779 rows
2025-12-04 11:01:54,867 - silver_etl - INFO - silver_shipment_data: 2969 rows
2025-12-04 11:01:54,868 - silver_etl - INFO - silver_transportation_cost: 2196 rows
2025-12-04 11:01:54,869 - silver_etl - INFO - silver_payroll_data: 960 rows
2025-12-04 11:01:54,870 - silver_etl - INFO - silver_inventory_data: 2773 rows
2025-12-04 11:01:54,871 - silver_etl - INFO - EV車種数: 4
2025-12-04 11:01:54,871 - silver_etl - INFO - 安全装置搭載車種数: 15
2025-12-04 11:01:54,871 - silver_etl - INFO - シルバー層データ品質チェック完了
2025-12-04 11:01:54,871 - silver_etl - INFO - === シルバー層ETL完了 ===
2025-12-04 11:02:11,636 - silver_etl - INFO - === シルバー層ETL開始 ===
2025-12-04 11:02:11,636 - silver_etl - INFO - シルバー層スキーマを初期化中...
2025-12-04 11:02:11,641 - silver_etl - INFO - シルバー層スキーマ初期化完了
2025-12-04 11:02:11,641 - silver_etl - INFO - 統合品目マスタ作成開始...
2025-12-04 11:02:11,643 - silver_etl - INFO - 統合品目マスタ作成完了: 15 rows
2025-12-04 11:02:11,643 - silver_etl - INFO - 統合取引先マスタ作成開始...
2025-12-04 11:02:11,647 - silver_etl - INFO - 統合取引先マスタ作成完了: 31 rows
2025-12-04 11:02:11,647 - silver_etl - INFO - 統合拠点マスタ作成開始...
2025-12-04 11:02:11,650 - silver_etl - INFO - 統合拠点マスタ作成完了: 5 rows
2025-12-04 11:02:11,650 - silver_etl - INFO - 受注データ処理開始...
2025-12-04 11:02:11,666 - silver_etl - INFO - 受注データ処理完了: 1909 rows
2025-12-04 11:02:11,666 - silver_etl - INFO - 調達データ処理開始...
2025-12-04 11:02:11,815 - silver_etl - INFO - 調達データ処理完了: 22779 rows
2025-12-04 11:02:11,815 - silver_etl - INFO - 出荷データ処理開始...
2025-12-04 11:02:11,834 - silver_etl - INFO - 出荷データ処理完了: 2969 rows
2025-12-04 11:02:11,834 - silver_etl - INFO - 輸送コストデータ処理開始...
2025-12-04 11:02:11,843 - silver_etl - INFO - 輸送コストデータ処理完了: 2196 rows
2025-12-04 11:02:11,843 - silver_etl - INFO - 給与データ処理開始...
2025-12-04 11:02:11,848 - silver_etl - INFO - 給与データ処理完了: 960 rows
2025-12-04 11:02:11,849 - silver_etl - INFO - 在庫データ処理開始...
2025-12-04 11:02:11,860 - silver_etl - INFO - 在庫データ処理完了: 2773 rows
2025-12-04 11:02:11,860 - silver_etl - INFO - シルバー層データ品質チェック開始...
2025-12-04 11:02:11,861 - silver_etl - INFO - silver_item_master: 15 rows
2025-12-04 11:02:11,862 - silver_etl - INFO - silver_partner_master: 31 rows
2025-12-04 11:02:11,863 - silver_etl - INFO - silver_location_master: 5 rows
2025-12-04 11:02:11,864 - silver_etl - INFO - silver_order_data: 1909 rows
2025-12-04 11:02:11,865 - silver_etl - INFO - silver_procurement_data: 22779 rows
2025-12-04 11:02:11,866 - silver_etl - INFO - silver_shipment_data: 2969 rows
2025-12-04 11:02:11,867 - silver_etl - INFO - silver_transportation_cost: 2196 rows
2025-12-04 11:02:11,867 - silver_etl - INFO - silver_payroll_data: 960 rows
2025-12-04 11:02:11,868 - silver_etl - INFO - silver_inventory_data: 2773 rows
2025-12-04 11:02:11,870 - silver_etl - INFO - EV車種数: 4
2025-12-04 11:02:11,870 - silver_etl - INFO - 安全装置搭載車種数: 15
2025-12-04 11:02:11,870 - silver_etl - INFO - シルバー層データ品質チェック完了
2025-12-04 11:02:11,870 - silver_etl - INFO - === シルバー層ETL完了 ===
2025-12-04 11:06:50,777 - silver_etl - INFO - === シルバー層ETL開始 ===
2025-12-04 11:06:50,777 - silver_etl - INFO - シルバー層スキーマを初期化中...
2025-12-04 11:06:50,790 - silver_etl - INFO - シルバー層スキーマ初期化完了
2025-12-04 11:06:50,790 - silver_etl - INFO - 統合品目マスタ作成開始...
2025-12-04 11:06:50,791 - silver_etl - INFO - 統合品目マスタ作成完了: 15 rows
2025-12-04 11:06:50,791 - silver_etl - INFO - 統合取引先マスタ作成開始...
2025-12-04 11:06:50,796 - silver_etl - INFO - 統合取引先マスタ作成完了: 31 rows
2025-12-04 11:06:50,797 - silver_etl - INFO - 統合拠点マスタ作成開始...
2025-12-04 11:06:50,799 - silver_etl - INFO - 統合拠点マスタ作成完了: 5 rows
2025-12-04 11:06:50,799 - silver_etl - INFO - 受注データ処理開始...
2025-12-04 11:06:50,813 - silver_etl - INFO - 受注データ処理完了: 1909 rows
2025-12-04 11:06:50,813 - silver_etl - INFO - 調達データ処理開始...
2025-12-04 11:06:50,914 - silver_etl - INFO - 調達データ処理完了: 22779 rows
2025-12-04 11:06:50,914 - silver_etl - INFO - 出荷データ処理開始...
2025-12-04 11:06:50,928 - silver_etl - INFO - 出荷データ処理完了: 2969 rows
2025-12-04 11:06:50,928 - silver_etl - INFO - 輸送コストデータ処理開始...
2025-12-04 11:06:50,932 - silver_etl - INFO - 輸送コストデータ処理完了: 2196 rows
2025-12-04 11:06:50,932 - silver_etl - INFO - 給与データ処理開始...
2025-12-04 11:06:50,935 - silver_etl - INFO - 給与データ処理完了: 960 rows
2025-12-04 11:06:50,935 - silver_etl - INFO - 在庫データ処理開始...
2025-12-04 11:06:50,941 - silver_etl - INFO - 在庫データ処理完了: 2773 rows
2025-12-04 11:06:50,941 - silver_etl - INFO - シルバー層データ品質チェック開始...
2025-12-04 11:06:50,942 - silver_etl - INFO - silver_item_master: 15 rows
2025-12-04 11:06:50,943 - silver_etl - INFO - silver_partner_master: 31 rows
2025-12-04 11:06:50,944 - silver_etl - INFO - silver_location_master: 5 rows
2025-12-04 11:06:50,945 - silver_etl - INFO - silver_order_data: 1909 rows
2025-12-04 11:06:50,946 - silver_etl - INFO - silver_procurement_data: 22779 rows
2025-12-04 11:06:50,947 - silver_etl - INFO - silver_shipment_data: 2969 rows
2025-12-04 11:06:50,948 - silver_etl - INFO - silver_transportation_cost: 2196 rows
2025-12-04 11:06:50,949 - silver_etl - INFO - silver_payroll_data: 960 rows
2025-12-04 11:06:50,950 - silver_etl - INFO - silver_inventory_data: 2773 rows
2025-12-04 11:06:50,951 - silver_etl - INFO - EV車種数: 4
2025-12-04 11:06:50,951 - silver_etl - INFO - 安全装置搭載車種数: 15
2025-12-04 11:06:50,951 - silver_etl - INFO - シルバー層データ品質チェック完了
2025-12-04 11:06:50,951 - silver_etl - INFO - === シルバー層ETL完了 ===
2025-12-04 11:09:38,571 - silver_etl - INFO - === シルバー層ETL開始 ===
2025-12-04 11:09:38,571 - silver_etl - INFO - シルバー層スキーマを初期化中...
2025-12-04 11:09:38,578 - silver_etl - INFO - シルバー層スキーマ初期化完了
2025-12-04 11:09:38,578 - silver_etl - INFO - 統合品目マスタ作成開始...
2025-12-04 11:09:38,580 - silver_etl - INFO - 統合品目マスタ作成完了: 15 rows
2025-12-04 11:09:38,580 - silver_etl - INFO - 統合取引先マスタ作成開始...
2025-12-04 11:09:38,585 - silver_etl - INFO - 統合取引先マスタ作成完了: 31 rows
2025-12-04 11:09:38,585 - silver_etl - INFO - 統合拠点マスタ作成開始...
2025-12-04 11:09:38,587 - silver_etl - INFO - 統合拠点マスタ作成完了: 5 rows
2025-12-04 11:09:38,588 - silver_etl - INFO - 受注データ処理開始...
2025-12-04 11:09:38,601 - silver_etl - INFO - 受注データ処理完了: 1909 rows
2025-12-04 11:09:38,601 - silver_etl - INFO - 調達データ処理開始...
2025-12-04 11:09:38,699 - silver_etl - INFO - 調達データ処理完了: 22779 rows
2025-12-04 11:09:38,699 - silver_etl - INFO - 出荷データ処理開始...
2025-12-04 11:09:38,713 - silver_etl - INFO - 出荷データ処理完了: 2969 rows
2025-12-04 11:09:38,713 - silver_etl - INFO - 輸送コストデータ処理開始...
2025-12-04 11:09:38,717 - silver_etl - INFO - 輸送コストデータ処理完了: 2196 rows
2025-12-04 11:09:38,717 - silver_etl - INFO - 給与データ処理開始...
2025-12-04 11:09:38,720 - silver_etl - INFO - 給与データ処理完了: 960 rows
2025-12-04 11:09:38,720 - silver_etl - INFO - 在庫データ処理開始...
2025-12-04 11:09:38,727 - silver_etl - INFO - 在庫データ処理完了: 2773 rows
2025-12-04 11:09:38,727 - silver_etl - INFO - シルバー層データ品質チェック開始...
2025-12-04 11:09:38,727 - silver_etl - INFO - silver_item_master: 15 rows
2025-12-04 11:09:38,728 - silver_etl - INFO - silver_partner_master: 31 rows
2025-12-04 11:09:38,729 - silver_etl - INFO - silver_location_master: 5 rows
2025-12-04 11:09:38,730 - silver_etl - INFO - silver_order_data: 1909 rows
2025-12-04 11:09:38,731 - silver_etl - INFO - silver_procurement_data: 22779 rows
2025-12-04 11:09:38,732 - silver_etl - INFO - silver_shipment_data: 2969 rows
2025-12-04 11:09:38,733 - silver_etl - INFO - silver_transportation_cost: 2196 rows
2025-12-04 11:09:38,734 - silver_etl - INFO - silver_payroll_data: 960 rows
2025-12-04 11:09:38,735 - silver_etl - INFO - silver_inventory_data: 2773 rows
2025-12-04 11:09:38,736 - silver_etl - INFO - EV車種数: 4
2025-12-04 11:09:38,736 - silver_etl - INFO - 安全装置搭載車種数: 15
2025-12-04 11:09:38,736 - silver_etl - INFO - シルバー層データ品質チェック完了
2025-12-04 11:09:38,736 - silver_etl - INFO - === シルバー層ETL完了 ===
